<?xml version="1.0" encoding="UTF-8"?>
<con:testCase id="4bd532a9-cd51-4eea-808f-673156b60266" discardOkResults="true" failOnError="false" failTestCaseOnErrors="true" keepSession="false" name="Test case based on single requests 109" searchProperties="true" timeout="0" xmlns:con="http://eviware.com/soapui/config">
  <con:settings>
    <con:setting id="4bd532a9-cd51-4eea-808f-673156b60266fileName">Test-case-based-on-single-requests-109</con:setting>
  </con:settings>
  <con:testStep type="restrequest" name="SetDemandReponse for particular appliance" id="76389912-6bde-49ba-9f76-a835ad6c1f6c">
    <con:settings/>
    <con:config service="SetDemandReponse for particular appliance" resourcePath="/energy/device/5719C19402F287A021150AE0401DC8AFC9DC4050F6814546655ED0490CBD305D1" methodName="SetDemandReponse for particular appliance" xsi:type="con:RestRequestStep" xmlns:xsi="http://www.w3.org/2001/XMLSchema-instance">
      <con:restRequest name="SetDemandReponse for particular appliance" id="9e6b0762-bc57-4c9b-b834-00db536f7ec0" mediaType="application/json" postQueryString="false">
        <con:settings>
          <con:setting id="com.eviware.soapui.impl.wsdl.WsdlRequest@request-headers">&lt;xml-fragment/></con:setting>
        </con:settings>
        <con:endpoint>${#Project#API-Connect}</con:endpoint>
        <con:request>{
  "demandResponseStartTime":"2017-08-16T 10:05:53Z",
  "demandResponseEndTime":"2017-08-16T 11:10:53Z",
  "demandResponseMode":"slow"
  
}</con:request>
        <con:originalUri>https://api-test.whrcloud.com/api/v1%7D/energy/device/5719C19402F287A021150AE0401DC8AFC9DC4050F6814546655ED0490CBD305D1</con:originalUri>
        <con:credentials>
          <con:selectedAuthProfile>No Authorization</con:selectedAuthProfile>
          <con:authType>No Authorization</con:authType>
        </con:credentials>
        <con:jmsConfig JMSDeliveryMode="PERSISTENT"/>
        <con:parameters/>
        <con:parameterOrder>
          <con:entry>Authorization</con:entry>
        </con:parameterOrder>
        <con:environmentSpec>
          <con:entry environmentId="1653fcad-25f1-42dc-b777-d850bb70a926">
            <con:authProfile>Inherit From Parent</con:authProfile>
          </con:entry>
          <con:entry environmentId="355af1cd-ed93-49d8-b6be-b3da6c1def92">
            <con:authProfile>Inherit From Parent</con:authProfile>
          </con:entry>
          <con:entry environmentId="f6279578-3a49-4834-9a7b-8e92ae71f8e9">
            <con:authProfile>Inherit From Parent</con:authProfile>
          </con:entry>
          <con:entry environmentId="b74c2924-5d4b-41b7-a14b-5522870d29dc">
            <con:authProfile>Inherit From Parent</con:authProfile>
          </con:entry>
        </con:environmentSpec>
      </con:restRequest>
    </con:config>
  </con:testStep>
  <con:properties/>
  <con:reportParameters/>
</con:testCase>
