<?xml version="1.0" encoding="UTF-8"?>
<con:testCase id="cbb98b22-78f9-45e5-93d4-6de3b15e8da5" discardOkResults="true" failOnError="false" failTestCaseOnErrors="true" keepSession="false" name="Test case based on single requests 174" searchProperties="true" timeout="0" xmlns:con="http://eviware.com/soapui/config">
  <con:settings>
    <con:setting id="cbb98b22-78f9-45e5-93d4-6de3b15e8da5fileName">Test-case-based-on-single-requests-174</con:setting>
  </con:settings>
  <con:testStep type="restrequest" name="create or update-cycle" id="3091b48f-c79d-4c76-996e-edb752fbe998">
    <con:settings/>
    <con:config service="create or update-cycle" resourcePath="/account/favorites/entity/cycle" methodName="create or update-cycle" xsi:type="con:RestRequestStep" xmlns:xsi="http://www.w3.org/2001/XMLSchema-instance">
      <con:restRequest name="create or update-cycle" id="13d72c01-2d6a-42d2-8baf-bf51ceebe91d" mediaType="application/json" postQueryString="false">
        <con:settings>
          <con:setting id="com.eviware.soapui.impl.wsdl.WsdlRequest@request-headers">&lt;xml-fragment/></con:setting>
        </con:settings>
        <con:endpoint>${API-Connect}</con:endpoint>
        <con:request>{  
    "applianceId":"refrigator",
    "accountId":"24",
    "locationId":"341",
    "favoritesList":[  
        {  
            "favoriteCycles":[{  
        "name" : "ABCD",
                "cycleInfo":{  
                    "cycleMyCreation":{  
                        "action":"SetOnDisplay",
                        "entityCycle":{  
                            "myCreationCycle":[  
                                {  
                                    "OvenUpperCavity.CycleSetCommonMode":"CommonModeBake",
                                    "OvenUpperCavity.CycleSetTargetTemp":1234,
                                    "OvenUpperCavity.OpSetCookTimeCompleteAction":"Unset"
                                }
                            ]
                        }
                    }
                }
            }
      ]
        }
  ]
}</con:request>
        <con:credentials>
          <con:selectedAuthProfile>No Authorization</con:selectedAuthProfile>
          <con:authType>No Authorization</con:authType>
        </con:credentials>
        <con:jmsConfig JMSDeliveryMode="PERSISTENT"/>
        <con:parameters/>
        <con:parameterOrder>
          <con:entry>Authorization</con:entry>
        </con:parameterOrder>
        <con:environmentSpec>
          <con:entry environmentId="b74c2924-5d4b-41b7-a14b-5522870d29dc">
            <con:authProfile>Inherit From Parent</con:authProfile>
          </con:entry>
        </con:environmentSpec>
      </con:restRequest>
    </con:config>
  </con:testStep>
  <con:properties/>
  <con:reportParameters/>
</con:testCase>
