<?xml version="1.0" encoding="UTF-8"?>
<con:testCase id="e398f314-0601-41ed-bfa5-845cf36b2875" discardOkResults="true" failOnError="false" failTestCaseOnErrors="true" keepSession="false" name="Test case based on single requests 177" searchProperties="true" timeout="0" xmlns:con="http://eviware.com/soapui/config">
  <con:settings>
    <con:setting id="e398f314-0601-41ed-bfa5-845cf36b2875fileName">Test-case-based-on-single-requests-177</con:setting>
  </con:settings>
  <con:testStep type="restrequest" name="Retrive-setting-All" id="16e16e84-a331-4f36-9409-9e01d0e10770">
    <con:settings/>
    <con:config service="Retrive-setting-All" resourcePath="/account/favorites/${#[Regression Suite#create-setting#create-setting]#RawRequest#$['applianceId']}/entity/setting/id/All" methodName="Retrive-setting-All" xsi:type="con:RestRequestStep" xmlns:xsi="http://www.w3.org/2001/XMLSchema-instance">
      <con:restRequest name="Retrive-setting-All" id="2035c5bd-4c49-4610-98f6-5d1948ccb813" mediaType="application/json">
        <con:settings>
          <con:setting id="com.eviware.soapui.impl.wsdl.WsdlRequest@request-headers">&lt;xml-fragment/></con:setting>
        </con:settings>
        <con:endpoint>${API-Connect}</con:endpoint>
        <con:request/>
        <con:originalUri>https://api-test.whrcloud.com/api/v1</con:originalUri>
        <con:credentials>
          <con:selectedAuthProfile>No Authorization</con:selectedAuthProfile>
          <con:authType>No Authorization</con:authType>
        </con:credentials>
        <con:jmsConfig JMSDeliveryMode="PERSISTENT"/>
        <con:parameters/>
        <con:parameterOrder>
          <con:entry>Authorization</con:entry>
        </con:parameterOrder>
        <con:environmentSpec>
          <con:entry environmentId="b74c2924-5d4b-41b7-a14b-5522870d29dc">
            <con:authProfile>Inherit From Parent</con:authProfile>
          </con:entry>
        </con:environmentSpec>
      </con:restRequest>
    </con:config>
  </con:testStep>
  <con:properties/>
  <con:reportParameters/>
</con:testCase>
