<?xml version="1.0" encoding="UTF-8"?>
<con:testCase id="bc5eb64e-5b10-4f70-a181-bc019f9b0e40" discardOkResults="true" failOnError="false" failTestCaseOnErrors="true" keepSession="false" name="Test case based on single requests 62" searchProperties="true" timeout="0" xmlns:con="http://eviware.com/soapui/config">
  <con:settings>
    <con:setting id="bc5eb64e-5b10-4f70-a181-bc019f9b0e40fileName">Test-case-based-on-single-requests-62</con:setting>
  </con:settings>
  <con:testStep type="restrequest" name="Create Template Implementation" id="ae0b2d20-7758-4167-b6dc-7ec3f98dae5e">
    <con:settings/>
    <con:config service="Create Template Implementation" resourcePath="/templates/createImplementation/DEMO_COMMER_LAUNDRY" methodName="Create Template Implementation" xsi:type="con:RestRequestStep" xmlns:xsi="http://www.w3.org/2001/XMLSchema-instance">
      <con:restRequest name="Create Template Implementation" id="e6f89f97-54e2-4df0-abfa-aa9b29e25d26" mediaType="application/json" postQueryString="false">
        <con:settings>
          <con:setting id="com.eviware.soapui.impl.wsdl.WsdlRequest@request-headers">&lt;xml-fragment/></con:setting>
        </con:settings>
        <con:endpoint>${Template}</con:endpoint>
        <con:request>{
  "ddmId":"Demo_First_Entry",
  "companyId":"2",
  "applianceId":"27",
  "attributes" : [
    {
      "attributeName":"XCat_Persistent_Info_Version",
      "attributeValue":1495458652
    },
    {
      "attributeName":"XCat_Persistent_Info_Said",
      "attributeValue":"WPR5000200DW02"
    },
    {
      "attributeName":"XCat_Persistent_Info_Mac_Address",
      "attributeValue":"JSULR898954bbjb"
    },
    {
      "attributeName":"XCat_Wifi_Status_Rssi_Antenna_Diversity",
      "attributeValue":12346
    },
    {
      "attributeName":"XCat_Power_Status_Energy_Consumption",
      "attributeValue":123456789
    }
    ]
}</con:request>
        <con:credentials>
          <con:selectedAuthProfile>No Authorization</con:selectedAuthProfile>
          <con:authType>No Authorization</con:authType>
        </con:credentials>
        <con:jmsConfig JMSDeliveryMode="PERSISTENT"/>
        <con:jmsPropertyConfig/>
        <con:parameters/>
        <con:parameterOrder>
          <con:entry>Authorization</con:entry>
        </con:parameterOrder>
        <con:environmentSpec>
          <con:entry environmentId="6f0100a6-91e6-476c-8a30-1216e3f39821">
            <con:authProfile>No Authorization</con:authProfile>
          </con:entry>
          <con:entry environmentId="4398ae1d-0351-4fb3-a5a2-3711b104c124">
            <con:authProfile>Inherit From Parent</con:authProfile>
          </con:entry>
          <con:entry environmentId="dc59d3b0-2cc1-4c91-a36d-62642d50ba5a">
            <con:authProfile>Inherit From Parent</con:authProfile>
          </con:entry>
          <con:entry environmentId="5c297842-d8ad-466b-8b05-f06abf54bfe2">
            <con:authProfile>Inherit From Parent</con:authProfile>
          </con:entry>
          <con:entry environmentId="276146a1-7fd3-46fe-b2f6-638c85bb127c">
            <con:authProfile>Inherit From Parent</con:authProfile>
          </con:entry>
          <con:entry environmentId="1653fcad-25f1-42dc-b777-d850bb70a926">
            <con:authProfile>Inherit From Parent</con:authProfile>
          </con:entry>
          <con:entry environmentId="355af1cd-ed93-49d8-b6be-b3da6c1def92">
            <con:authProfile>Inherit From Parent</con:authProfile>
          </con:entry>
          <con:entry environmentId="f6279578-3a49-4834-9a7b-8e92ae71f8e9">
            <con:authProfile>Inherit From Parent</con:authProfile>
          </con:entry>
          <con:entry environmentId="b74c2924-5d4b-41b7-a14b-5522870d29dc">
            <con:authProfile>Inherit From Parent</con:authProfile>
          </con:entry>
        </con:environmentSpec>
      </con:restRequest>
    </con:config>
  </con:testStep>
  <con:properties/>
  <con:reportParameters/>
</con:testCase>
