<?xml version="1.0" encoding="UTF-8"?>
<con:testCase id="91472bc4-e6c1-4d5d-82ae-5a979cd53ade" discardOkResults="true" failOnError="false" failTestCaseOnErrors="true" keepSession="false" name="Test case based on single requests 107" searchProperties="true" timeout="0" xmlns:con="http://eviware.com/soapui/config">
  <con:settings>
    <con:setting id="91472bc4-e6c1-4d5d-82ae-5a979cd53adefileName">Test-case-based-on-single-requests-107</con:setting>
  </con:settings>
  <con:testStep type="restrequest" name="updateInventoryMobile" id="97389620-ea37-441c-be28-d7a55ac86144">
    <con:settings/>
    <con:config service="updateInventoryMobile" resourcePath="/updateInventoryMobile" methodName="UpdateInventoryMobile" xsi:type="con:RestRequestStep" xmlns:xsi="http://www.w3.org/2001/XMLSchema-instance">
      <con:restRequest name="updateInventoryMobile" id="44bd631f-5995-478a-809a-604adbd2fb36" mediaType="application/json" postQueryString="false">
        <con:settings>
          <con:setting id="com.eviware.soapui.impl.wsdl.WsdlRequest@request-headers">&lt;xml-fragment/></con:setting>
        </con:settings>
        <con:endpoint>${LAR}</con:endpoint>
        <con:request>{
    "invId": 24,
    "lastUpdate": "2014-01-15T20:23:07.644Z",
    "inventoryItems": [
        {
            "invItemId": 12,
            "invId": 12,
            "invCategoryId": 5,
            "stdInvItemId": 1,
            "description": "new new  egg",
            "qty": 5,
            "invuomId": 1,
            "expireDate": "2013-10-17T00:00:00.000Z",
            "lastUpdate": "2012-10-17T00:00:00.000Z"
        },
        {
            "invItemId": 5,
            "invId": 12,
            "invCategoryId": 5,
            "stdInvItemId": 1,
            "description": "old egg",
            "qty": 5,
            "invuomId": 1,
            "expireDate": "2013-10-17T00:00:00.000Z",
            "lastUpdate": "2013-10-17T00:00:00.000Z"
        }
    ]
}</con:request>
        <con:credentials>
          <con:selectedAuthProfile>No Authorization</con:selectedAuthProfile>
          <con:authType>No Authorization</con:authType>
        </con:credentials>
        <con:jmsConfig JMSDeliveryMode="PERSISTENT"/>
        <con:parameters/>
        <con:parameterOrder>
          <con:entry>Authorization</con:entry>
        </con:parameterOrder>
        <con:environmentSpec>
          <con:entry environmentId="1653fcad-25f1-42dc-b777-d850bb70a926">
            <con:authProfile>Inherit From Parent</con:authProfile>
          </con:entry>
          <con:entry environmentId="355af1cd-ed93-49d8-b6be-b3da6c1def92">
            <con:authProfile>Inherit From Parent</con:authProfile>
          </con:entry>
          <con:entry environmentId="f6279578-3a49-4834-9a7b-8e92ae71f8e9">
            <con:authProfile>Inherit From Parent</con:authProfile>
          </con:entry>
          <con:entry environmentId="b74c2924-5d4b-41b7-a14b-5522870d29dc">
            <con:authProfile>Inherit From Parent</con:authProfile>
          </con:entry>
        </con:environmentSpec>
      </con:restRequest>
    </con:config>
  </con:testStep>
  <con:properties/>
  <con:reportParameters/>
</con:testCase>
