<?xml version="1.0" encoding="UTF-8"?>
<con:testCase id="9b9a1872-96f1-41aa-9664-c917f9f296a6" discardOkResults="true" failOnError="false" failTestCaseOnErrors="true" keepSession="false" name="Test case based on single requests 30" searchProperties="true" timeout="0" xmlns:con="http://eviware.com/soapui/config">
  <con:settings>
    <con:setting id="9b9a1872-96f1-41aa-9664-c917f9f296a6fileName">Test-case-based-on-single-requests-30</con:setting>
  </con:settings>
  <con:testStep type="restrequest" name="Create device shadow" id="069be2a7-88d4-452c-a0e5-ca60a1ed4088">
    <con:settings/>
    <con:config service="Create device shadow" resourcePath="/appliance/${DataSource#Device_Shadow_Name}" methodName="Create device shadow" xsi:type="con:RestRequestStep" xmlns:xsi="http://www.w3.org/2001/XMLSchema-instance">
      <con:restRequest name="Create device shadow" id="359db82e-a47e-46c0-b108-b5c1d41ac8a3" mediaType="application/json" postQueryString="false">
        <con:settings>
          <con:setting id="com.eviware.soapui.impl.wsdl.WsdlRequest@request-headers">&lt;xml-fragment/></con:setting>
        </con:settings>
        <con:endpoint>${QA_Env}</con:endpoint>
        <con:request>{
  "platform": "DISH_MODEL",
  "deviceState": 
  {
    "MiniOven_OpSetSabbathModeActive": "true",
    "Cooktop_AlertSetBoilDryEnable": "true",
    "Mwo_CulinaryCtrSetId": "10",
    "Relational_Cycle.MyCreation": "FE010001FD020001FE01000300FE02000102010000FE020003446F776E6C6F6164416E64476F4379636C6500FE02000401FE03000102010001FE02000102010101030600010103060002010306000501FE02000202010101FE03000202010001FE02000202010000FE010002FD020001",
    "Sys_DisplaySetClockThemes": "TTTexture01_jpg",
    "subscribeList": 1,
    "claimed": 1,
    "Status": "1"
  }
}</con:request>
        <con:credentials>
          <con:selectedAuthProfile>No Authorization</con:selectedAuthProfile>
          <con:authType>No Authorization</con:authType>
        </con:credentials>
        <con:jmsConfig JMSDeliveryMode="PERSISTENT"/>
        <con:jmsPropertyConfig/>
        <con:parameters/>
        <con:parameterOrder>
          <con:entry>Authorization</con:entry>
        </con:parameterOrder>
        <con:environmentSpec>
          <con:entry environmentId="6f0100a6-91e6-476c-8a30-1216e3f39821">
            <con:authProfile>No Authorization</con:authProfile>
          </con:entry>
          <con:entry environmentId="4398ae1d-0351-4fb3-a5a2-3711b104c124">
            <con:authProfile>Inherit From Parent</con:authProfile>
          </con:entry>
          <con:entry environmentId="dc59d3b0-2cc1-4c91-a36d-62642d50ba5a">
            <con:authProfile>Inherit From Parent</con:authProfile>
          </con:entry>
          <con:entry environmentId="5c297842-d8ad-466b-8b05-f06abf54bfe2">
            <con:authProfile>Inherit From Parent</con:authProfile>
          </con:entry>
          <con:entry environmentId="276146a1-7fd3-46fe-b2f6-638c85bb127c">
            <con:authProfile>Inherit From Parent</con:authProfile>
          </con:entry>
          <con:entry environmentId="1653fcad-25f1-42dc-b777-d850bb70a926">
            <con:authProfile>Inherit From Parent</con:authProfile>
          </con:entry>
          <con:entry environmentId="355af1cd-ed93-49d8-b6be-b3da6c1def92">
            <con:authProfile>Inherit From Parent</con:authProfile>
          </con:entry>
          <con:entry environmentId="f6279578-3a49-4834-9a7b-8e92ae71f8e9">
            <con:authProfile>Inherit From Parent</con:authProfile>
          </con:entry>
          <con:entry environmentId="b74c2924-5d4b-41b7-a14b-5522870d29dc">
            <con:authProfile>Inherit From Parent</con:authProfile>
          </con:entry>
        </con:environmentSpec>
      </con:restRequest>
    </con:config>
  </con:testStep>
  <con:properties/>
  <con:reportParameters/>
</con:testCase>
