<?xml version="1.0" encoding="UTF-8"?>
<con:testCase id="9b4c4e7f-da8e-469d-bdef-1a519511963d" discardOkResults="true" failOnError="false" failTestCaseOnErrors="true" keepSession="false" name="Test case based on single requests 80" searchProperties="true" timeout="0" xmlns:con="http://eviware.com/soapui/config">
  <con:settings>
    <con:setting id="9b4c4e7f-da8e-469d-bdef-1a519511963dfileName">Test-case-based-on-single-requests-80</con:setting>
  </con:settings>
  <con:testStep type="restrequest" name="Create Client Version" id="0db2f33f-076c-4c61-b5e5-5e9b0b93e29b">
    <con:settings/>
    <con:config service="Create Client Version" resourcePath="/create_client_version" methodName="Create Client Version" xsi:type="con:RestRequestStep" xmlns:xsi="http://www.w3.org/2001/XMLSchema-instance">
      <con:restRequest name="Create Client Version" id="5edac2a0-c8d4-44fe-9640-65783c7b21e4" mediaType="application/json" postQueryString="false">
        <con:settings>
          <con:setting id="com.eviware.soapui.impl.wsdl.WsdlRequest@request-headers">&lt;xml-fragment/></con:setting>
        </con:settings>
        <con:endpoint>${#Project#API-Connect}</con:endpoint>
        <con:request>{
	"clientVersionsId":"0",
	"application":"WhirlpoolApp123",
	"platform":"Cooking",
	"version":"1.0.0",
	"clientVersionNoticeList":null
}</con:request>
        <con:originalUri>https://api.us.apiconnect.ibmcloud.com/whirlpool-developer-network-wcloud-dev/whirlpool-iot-qa/api/v1/create_client_version</con:originalUri>
        <con:credentials>
          <con:selectedAuthProfile>No Authorization</con:selectedAuthProfile>
          <con:authType>No Authorization</con:authType>
        </con:credentials>
        <con:jmsConfig JMSDeliveryMode="PERSISTENT"/>
        <con:parameters>
          <entry key="Authorization" value="Bearer ${access_token}" xmlns="http://eviware.com/soapui/config"/>
        </con:parameters>
        <con:parameterOrder>
          <con:entry>Authorization</con:entry>
        </con:parameterOrder>
        <con:environmentSpec>
          <con:entry environmentId="1653fcad-25f1-42dc-b777-d850bb70a926">
            <con:authProfile>Inherit From Parent</con:authProfile>
          </con:entry>
          <con:entry environmentId="355af1cd-ed93-49d8-b6be-b3da6c1def92">
            <con:authProfile>Inherit From Parent</con:authProfile>
          </con:entry>
          <con:entry environmentId="f6279578-3a49-4834-9a7b-8e92ae71f8e9">
            <con:authProfile>Inherit From Parent</con:authProfile>
          </con:entry>
          <con:entry environmentId="b74c2924-5d4b-41b7-a14b-5522870d29dc">
            <con:authProfile>Inherit From Parent</con:authProfile>
          </con:entry>
        </con:environmentSpec>
      </con:restRequest>
    </con:config>
  </con:testStep>
  <con:properties/>
  <con:reportParameters/>
</con:testCase>
