<?xml version="1.0" encoding="UTF-8"?>
<con:testCase id="6ae309a9-ce96-4b1e-bc30-10251297e0db" discardOkResults="true" failOnError="false" failTestCaseOnErrors="true" keepSession="false" name="Test case based on single requests 121" searchProperties="true" timeout="0" xmlns:con="http://eviware.com/soapui/config">
  <con:settings>
    <con:setting id="6ae309a9-ce96-4b1e-bc30-10251297e0dbfileName">Test-case-based-on-single-requests-121</con:setting>
  </con:settings>
  <con:testStep type="restrequest" name="Order Cancelled Notification" id="fd35e60a-d19b-41d5-986c-5a1596cdf49b">
    <con:settings/>
    <con:config service="Order Cancelled Notification" resourcePath="/replenish/notifications" methodName="Order Cancelled Notification" xsi:type="con:RestRequestStep" xmlns:xsi="http://www.w3.org/2001/XMLSchema-instance">
      <con:restRequest name="Order Cancelled Notification" id="44366220-7df6-484c-871e-09d7cc76e485" mediaType="application/json" postQueryString="false">
        <con:settings>
          <con:setting id="com.eviware.soapui.impl.wsdl.WsdlRequest@request-headers">&lt;xml-fragment/></con:setting>
        </con:settings>
        <con:endpoint>https://amazonreplenishmentserviceqa-v2.mybluemix.net</con:endpoint>
        <con:request>{
  "SignatureVersion": "1",
  "MessageAttributes": {
    "version": {
      "Type": "String",
      "Value": "1.0"
    }
  },
  "Type": "Notification",
  "TopicArn": "arn:aws:sns:us-west-2:447226664845:WCloud_NAR_DEV",
  "Message":  "{    \"notificationInfo\": {        \"notificationType\": \"OrderCancelledNotification\",        \"lwaClientId\": \"amzn1.application-oa2-client.5d3e65cb51e34155aff669682e248130\",        \"notificationTime\": \"2015-10-01T20:20:29.461Z\",        \"notificationId\": \"amzn1.dash.notification.v1.545f63d1-28c3-4630-b48e-a18e99233b5a\",        \"version\": \"2015-06-05\"    },     \"deviceInfo\": {      \"deviceIdentifier\": {        \"serialNumber\": \"12423\"      },      \"productIdentifier\": {        \"modelId\": \"V10KWasher\"      }    },    \"customerInfo\": {      \"directedCustomerId\": \"amzn1.account.AHV2UB34C6YHUGKVBKCR2MUHW2BQ\"    },    \"orderInfo\": {      \"instanceId\": \"amzn1.dash.v2.o.ci45xxxxxxxxxxx\",      \"slotId\": \"myProduct\",      \"productInfo\": [{        \"quantity\": 1.0,        \"unit\": \"count\",        \"asin\": \"myAsinNumber\",        \"estimatedDeliveryDate\": \"2016-12-09T07:59:59Z\"      }]    }  }",
  "UnsubscribeURL": "https://sns.us-west-2.amazonaws.com/?Action=Unsubscribe&amp;SubscriptionArn=arn:aws:sns:us-west-2:447226664845:WCloud_NAR_DEV:4f6a1f49-8bd9-4051-bfba-ec473d165cad",
  "Signature": "Kp0z6h9hw6tA65a5eb+hnZUqn4ARcz5vfWlaa4fIAqce81ONTrrzEcLqIn59KLG7v8rA7yR6FFMwggjf2TwXvMOVM8uLB4LbI3O+/DKca526ledNRlz3JWNfzw3HYxoIjGl+fFbWgoALvEZ8ytuz5is5KnCpuFL2TETO9xPr3exfJW9K2UQ9aAnoSY9t8QlMQqeX4Yzov0kJSA5DI+Va/cAcWIjBxwJ1sN2VmSXAsOOkkwOy4SZLjnBNQWK3s6HjinsEb2ni0Fe/f6RT3lMYlm0q4LzZwThyGMaYDlhw6/KHCY0duc/x2BYZ5fnNNVc8/vm9+qRbT4jVjIHEHxi5TQ==",
  "Timestamp": "2017-09-20T20:02:30.954Z",
  "SigningCertURL": "https://sns.us-west-2.amazonaws.com/SimpleNotificationService-433026a4050d206028891664da859041.pem",
  "Subject": "DRS Notification",
  "MessageId": "3112c63e-8be2-5f7d-a874-940240745d2c"
}</con:request>
        <con:credentials>
          <con:selectedAuthProfile>No Authorization</con:selectedAuthProfile>
          <con:authType>No Authorization</con:authType>
        </con:credentials>
        <con:jmsConfig JMSDeliveryMode="PERSISTENT"/>
        <con:parameters/>
        <con:parameterOrder>
          <con:entry>Content-Type</con:entry>
          <con:entry>x-amz-sns-message-type</con:entry>
        </con:parameterOrder>
        <con:environmentSpec>
          <con:entry environmentId="1653fcad-25f1-42dc-b777-d850bb70a926">
            <con:authProfile>Inherit From Parent</con:authProfile>
          </con:entry>
          <con:entry environmentId="355af1cd-ed93-49d8-b6be-b3da6c1def92">
            <con:authProfile>Inherit From Parent</con:authProfile>
          </con:entry>
          <con:entry environmentId="f6279578-3a49-4834-9a7b-8e92ae71f8e9">
            <con:authProfile>Inherit From Parent</con:authProfile>
          </con:entry>
          <con:entry environmentId="b74c2924-5d4b-41b7-a14b-5522870d29dc">
            <con:authProfile>Inherit From Parent</con:authProfile>
          </con:entry>
        </con:environmentSpec>
      </con:restRequest>
    </con:config>
  </con:testStep>
  <con:properties/>
  <con:reportParameters/>
</con:testCase>
