<?xml version="1.0" encoding="UTF-8"?>
<con:testCase id="3681d43c-2383-42dd-a1d2-5bfa25f671e0" discardOkResults="true" failOnError="false" failTestCaseOnErrors="true" keepSession="false" name="Test case based on single requests 118" searchProperties="true" timeout="0" xmlns:con="http://eviware.com/soapui/config">
  <con:settings>
    <con:setting id="3681d43c-2383-42dd-a1d2-5bfa25f671e0fileName">Test-case-based-on-single-requests-118</con:setting>
  </con:settings>
  <con:testStep type="restrequest" name="Subscription Changed Notification" id="5c52c29e-da89-4804-867b-54036c9d28da">
    <con:settings/>
    <con:config service="Subscription Changed Notification" resourcePath="/replenish/notifications" methodName="Subscription Changed Notification" xsi:type="con:RestRequestStep" xmlns:xsi="http://www.w3.org/2001/XMLSchema-instance">
      <con:restRequest name="Subscription Changed Notification" id="79710a30-85d5-44f6-8811-153ab9a78c6c" mediaType="application/json" postQueryString="false">
        <con:settings>
          <con:setting id="com.eviware.soapui.impl.wsdl.WsdlRequest@request-headers">&lt;xml-fragment/></con:setting>
        </con:settings>
        <con:endpoint>https://amazonreplenishmentserviceqa-v2.mybluemix.net</con:endpoint>
        <con:request>{  
   "SignatureVersion":"1",
   "MessageAttributes":{  
      "version":{  
         "Type":"String",
         "Value":"2.0"
      }
   },
   "Type":"Notification",
   "TopicArn":"arn:aws:sns:us-west-2:447226664845:WCloud_NAR_DEV",
   "Message":"{\"notificationInfo\":{\"notificationType\":\"SubscriptionChangedNotification\",\"lwaClientId\":\"amzn1.application-oa2-client.5d3e65cb51e34155aff669682e248130\",\"notificationTime\":\"2017-09-20T20:02:31.473Z\",\"notificationId\":\"amzn1.dash.notification.v1.d8926923-593e-4283-8231-ee3c4932f895\",\"version\":\"2015-06-05\"},\"deviceInfo\":{\"deviceIdentifier\":{\"serialNumber\":\"12423\"},\"productIdentifier\":{\"modelId\":\"V10KWasher\"}},\"subscriptionInfo\":{\"slotsSubscriptionStatus\":{\"ee3c681f-75c9-4ea2-9f45-bf2b8fc92c75\":{\"subscribed\":false,\"productInfoList\":[]},\"153fd300-679f-4570-8edc-57895d2db5f1\":{\"subscribed\":true,\"productInfoList\":[{\"quantity\":6.0,\"unit\":\"Count\",\"asin\":\"B00C91Q86I\"}]}}},\"customerInfo\":{\"directedCustomerId\":\"amzn1.account.AHV2UB34C6YHUGKVBKCR2MUHW2BQ\"}}",
   "UnsubscribeURL":"https://sns.us-west-2.amazonaws.com/?Action=Unsubscribe&amp;SubscriptionArn=arn:aws:sns:us-west-2:447226664845:WCloud_NAR_DEV:4f6a1f49-8bd9-4051-bfba-ec473d165cad",
   "Signature":"gU4WQnuqOhzKPvRmpXH8LLx9u+n3THdymm9BDZE4bCsVDbWveA5XQAdVHbV42dLfhLL2fQnI6rNbbgF72+pepiANwbzKuTN0ZT8m2TpjO2l6xx5GGm3xwKjip+gmeI9WHJY1jWRwMMc40td57X3GZYYhHJ65aFQ3BwBlbXBkXmv91W2G370q5Sas5+VI7WXv6ucC3eQ6qJ8v/ntM+vbb88NyD0hWPOpJ2YwgsKEPUOVR0lwpxyIrWL45NgtT/Dycnx7rDwqIi3t3EM2sVraobaJ95ojZ9uWLkIauf2r9+cdeokxvdOOAv/BlCqmCbkEWyHhi3+O0Ue71/29E7mt7dQ==",
   "Timestamp":"2017-09-20T20:02:31.785Z",
   "SigningCertURL":"https://sns.us-west-2.amazonaws.com/SimpleNotificationService-433026a4050d206028891664da859041.pem",
   "Subject":"DRS Notification",
   "MessageId":"f39267a3-e0d3-5821-9c75-359f2b44450b"
}</con:request>
        <con:originalUri>https://amazonreplenishmentserviceqa-v2.mybluemix.net/replenish/notifications</con:originalUri>
        <con:credentials>
          <con:selectedAuthProfile>No Authorization</con:selectedAuthProfile>
          <con:authType>No Authorization</con:authType>
        </con:credentials>
        <con:jmsConfig JMSDeliveryMode="PERSISTENT"/>
        <con:parameters/>
        <con:parameterOrder>
          <con:entry>x-amz-sns-message-type</con:entry>
        </con:parameterOrder>
        <con:environmentSpec>
          <con:entry environmentId="1653fcad-25f1-42dc-b777-d850bb70a926">
            <con:authProfile>Inherit From Parent</con:authProfile>
          </con:entry>
          <con:entry environmentId="355af1cd-ed93-49d8-b6be-b3da6c1def92">
            <con:authProfile>Inherit From Parent</con:authProfile>
          </con:entry>
          <con:entry environmentId="f6279578-3a49-4834-9a7b-8e92ae71f8e9">
            <con:authProfile>Inherit From Parent</con:authProfile>
          </con:entry>
          <con:entry environmentId="b74c2924-5d4b-41b7-a14b-5522870d29dc">
            <con:authProfile>Inherit From Parent</con:authProfile>
          </con:entry>
        </con:environmentSpec>
      </con:restRequest>
    </con:config>
  </con:testStep>
  <con:properties/>
  <con:reportParameters/>
</con:testCase>
