<?xml version="1.0" encoding="UTF-8"?>
<con:testCase id="286ad708-e66f-45c2-8c66-03cf53d86f5d" discardOkResults="true" failOnError="false" failTestCaseOnErrors="true" keepSession="false" name="Test case based on single requests 100" searchProperties="true" timeout="0" xmlns:con="http://eviware.com/soapui/config">
  <con:settings>
    <con:setting id="286ad708-e66f-45c2-8c66-03cf53d86f5dfileName">Test-case-based-on-single-requests-100</con:setting>
  </con:settings>
  <con:testStep type="restrequest" name="SyncShoppingLists" id="72e3c8f6-81ee-4d2e-92a1-5ea8aa76c5d7">
    <con:settings/>
    <con:config service="SyncShoppingLists" resourcePath="/syncShoppingLists" methodName="SyncShoppingLists" xsi:type="con:RestRequestStep" xmlns:xsi="http://www.w3.org/2001/XMLSchema-instance">
      <con:restRequest name="SyncShoppingLists" id="3896ca63-d7b6-46a3-8320-4081fc85de64" mediaType="application/json" postQueryString="false">
        <con:settings>
          <con:setting id="com.eviware.soapui.impl.wsdl.WsdlRequest@request-headers">&lt;xml-fragment/></con:setting>
        </con:settings>
        <con:endpoint>${LAR}</con:endpoint>
        <con:request>{
  "_id": "30ad09ad8fa0098ad9d9999eeeeea",
  "slsAuthToken": "1f4ccef1-32db-4778-8605-c872f535e3e9",
  "deviceGuid": "30ad09ad8fa0098ad9d9999eeeeea",
  "cleanLists": [{}],
  "dirtyLists": [{
    "shoppinglistId": 21,
    "userId": 937,
    "userFirstName": "AMBICA",
    "userLastName": "CHIRANIA",
    "name": "Mike's Ingredient List 6",
    "lastUpdate": "2014-01-14T22:17:51.835Z",
    "lastUpdateId": 1,
    "lastUpdateFirstName": "V",
    "lastUpdateLastName": "Vyas",
    "lastUpdateBy": "Mobile",
    "removed": false,
    "shoppingItems": [{
      "shoppingListItemId": 65,
      "invcategoryId": 8,
      "stdinvitemId": 1,
      "description": "ingredient 111",
      "qty": 1,
      "invuomId": 2,
      "bought": false,
      "lastUpdate": "2014-01-14T22:17:51.835Z"
    }, {
      "shoppingListItemId": 65,
      "shoppinglistId": 42,
      "invcategoryId": 8,
      "stdinvitemId": 1,
      "description": "ingredient 1001356",
      "qty": 1,
      "invuomId": 2,
      "bought": false,
      "lastUpdate": "2014-01-14T22:17:51.835Z"
    }],
    "newLists": [{}]
  }]
}</con:request>
        <con:credentials>
          <con:selectedAuthProfile>No Authorization</con:selectedAuthProfile>
          <con:authType>No Authorization</con:authType>
        </con:credentials>
        <con:jmsConfig JMSDeliveryMode="PERSISTENT"/>
        <con:parameters/>
        <con:parameterOrder>
          <con:entry>Authorization</con:entry>
        </con:parameterOrder>
        <con:environmentSpec>
          <con:entry environmentId="1653fcad-25f1-42dc-b777-d850bb70a926">
            <con:authProfile>Inherit From Parent</con:authProfile>
          </con:entry>
          <con:entry environmentId="355af1cd-ed93-49d8-b6be-b3da6c1def92">
            <con:authProfile>Inherit From Parent</con:authProfile>
          </con:entry>
          <con:entry environmentId="f6279578-3a49-4834-9a7b-8e92ae71f8e9">
            <con:authProfile>Inherit From Parent</con:authProfile>
          </con:entry>
          <con:entry environmentId="b74c2924-5d4b-41b7-a14b-5522870d29dc">
            <con:authProfile>Inherit From Parent</con:authProfile>
          </con:entry>
        </con:environmentSpec>
      </con:restRequest>
    </con:config>
  </con:testStep>
  <con:properties/>
  <con:reportParameters/>
</con:testCase>
