<?xml version="1.0" encoding="UTF-8"?>
<con:testCase id="b6532fdf-ae4c-409d-a013-df17ebe0c435" discardOkResults="true" failOnError="false" failTestCaseOnErrors="true" keepSession="false" name="Test case based on single requests 79" searchProperties="true" timeout="0" xmlns:con="http://eviware.com/soapui/config">
  <con:settings>
    <con:setting id="b6532fdf-ae4c-409d-a013-df17ebe0c435fileName">Test-case-based-on-single-requests-79</con:setting>
  </con:settings>
  <con:testStep type="restrequest" name="Refresh_Token" id="d55ce86d-0365-49c8-8856-5da76e5f8900">
    <con:settings/>
    <con:config service="Refresh_Token" resourcePath="/oauth/token?grant_type=refresh_token&amp;refresh_token=${Refresh_Token}" methodName="Refresh_Token" xsi:type="con:RestRequestStep" xmlns:xsi="http://www.w3.org/2001/XMLSchema-instance">
      <con:restRequest name="Refresh_Token" id="e906f975-0d70-47d2-a4b3-3abd73ee06b7" mediaType="application/x-www-form-urlencoded" postQueryString="true">
        <con:settings>
          <con:setting id="com.eviware.soapui.impl.wsdl.WsdlRequest@request-headers">&lt;xml-fragment/></con:setting>
        </con:settings>
        <con:endpoint>${Secure_auth}</con:endpoint>
        <con:request/>
        <con:originalUri>https://secureauthqa.mybluemix.net/oauth/token</con:originalUri>
        <con:credentials>
          <con:selectedAuthProfile>No Authorization</con:selectedAuthProfile>
          <con:authType>No Authorization</con:authType>
        </con:credentials>
        <con:jmsConfig JMSDeliveryMode="PERSISTENT"/>
        <con:parameters>
          <con:entry key="client_secret" value="syntel123$"/>
          <con:entry key="client_id" value="syntel"/>
        </con:parameters>
        <con:parameterOrder>
          <con:entry>client_id</con:entry>
          <con:entry>client_secret</con:entry>
        </con:parameterOrder>
        <con:environmentSpec>
          <con:entry environmentId="4398ae1d-0351-4fb3-a5a2-3711b104c124">
            <con:authProfile>Inherit From Parent</con:authProfile>
          </con:entry>
          <con:entry environmentId="dc59d3b0-2cc1-4c91-a36d-62642d50ba5a">
            <con:authProfile>Inherit From Parent</con:authProfile>
          </con:entry>
          <con:entry environmentId="5c297842-d8ad-466b-8b05-f06abf54bfe2">
            <con:authProfile>Inherit From Parent</con:authProfile>
          </con:entry>
          <con:entry environmentId="276146a1-7fd3-46fe-b2f6-638c85bb127c">
            <con:authProfile>Inherit From Parent</con:authProfile>
          </con:entry>
          <con:entry environmentId="1653fcad-25f1-42dc-b777-d850bb70a926">
            <con:authProfile>Inherit From Parent</con:authProfile>
          </con:entry>
          <con:entry environmentId="355af1cd-ed93-49d8-b6be-b3da6c1def92">
            <con:authProfile>Inherit From Parent</con:authProfile>
          </con:entry>
          <con:entry environmentId="f6279578-3a49-4834-9a7b-8e92ae71f8e9">
            <con:authProfile>Inherit From Parent</con:authProfile>
          </con:entry>
          <con:entry environmentId="b74c2924-5d4b-41b7-a14b-5522870d29dc">
            <con:authProfile>Inherit From Parent</con:authProfile>
          </con:entry>
        </con:environmentSpec>
      </con:restRequest>
    </con:config>
  </con:testStep>
  <con:properties/>
  <con:reportParameters/>
</con:testCase>
