<?xml version="1.0" encoding="UTF-8"?>
<con:testCase id="025e9feb-aacf-4c62-93b6-a0581081a423" discardOkResults="true" failOnError="false" failTestCaseOnErrors="true" keepSession="false" name="Test case based on single requests 120" searchProperties="true" timeout="0" xmlns:con="http://eviware.com/soapui/config">
  <con:settings>
    <con:setting id="025e9feb-aacf-4c62-93b6-a0581081a423fileName">Test-case-based-on-single-requests-120</con:setting>
  </con:settings>
  <con:testStep type="restrequest" name="Local Amazon - user Refresh Token" id="2e2bdbc3-aa4c-4d14-a637-712f0ca1bbac">
    <con:settings/>
    <con:config service="Local Amazon - user Refresh Token" resourcePath="/auth/o2/token" methodName="Local Amazon - user Refresh Token" xsi:type="con:RestRequestStep" xmlns:xsi="http://www.w3.org/2001/XMLSchema-instance">
      <con:restRequest name="Local Amazon - user Refresh Token" id="bbaf7fd1-8984-4a13-987e-e28666aba4a3" mediaType="application/json" postQueryString="false">
        <con:settings>
          <con:setting id="com.eviware.soapui.impl.wsdl.WsdlRequest@request-headers">&lt;xml-fragment/></con:setting>
        </con:settings>
        <con:endpoint>https://api.amazon.com</con:endpoint>
        <con:request/>
        <con:credentials>
          <con:selectedAuthProfile>No Authorization</con:selectedAuthProfile>
          <con:authType>No Authorization</con:authType>
        </con:credentials>
        <con:jmsConfig JMSDeliveryMode="PERSISTENT"/>
        <con:parameters/>
        <con:parameterOrder>
          <con:entry>grant_type</con:entry>
          <con:entry>refresh_token</con:entry>
          <con:entry>client_id</con:entry>
          <con:entry>client_secret</con:entry>
          <con:entry>redirect_uri</con:entry>
        </con:parameterOrder>
        <con:environmentSpec>
          <con:entry environmentId="1653fcad-25f1-42dc-b777-d850bb70a926">
            <con:authProfile>Inherit From Parent</con:authProfile>
          </con:entry>
          <con:entry environmentId="355af1cd-ed93-49d8-b6be-b3da6c1def92">
            <con:authProfile>Inherit From Parent</con:authProfile>
          </con:entry>
          <con:entry environmentId="f6279578-3a49-4834-9a7b-8e92ae71f8e9">
            <con:authProfile>Inherit From Parent</con:authProfile>
          </con:entry>
          <con:entry environmentId="b74c2924-5d4b-41b7-a14b-5522870d29dc">
            <con:authProfile>Inherit From Parent</con:authProfile>
          </con:entry>
        </con:environmentSpec>
      </con:restRequest>
    </con:config>
  </con:testStep>
  <con:properties/>
  <con:reportParameters/>
</con:testCase>
