<?xml version="1.0" encoding="UTF-8"?>
<con:testCase id="93867083-34e2-4a4e-8e0a-f6ce28541a95" discardOkResults="true" failOnError="false" failTestCaseOnErrors="true" keepSession="false" name="Test case based on single requests 182" searchProperties="true" timeout="0" xmlns:con="http://eviware.com/soapui/config">
  <con:settings>
    <con:setting id="93867083-34e2-4a4e-8e0a-f6ce28541a95fileName">Test-case-based-on-single-requests-182</con:setting>
  </con:settings>
  <con:testStep type="restrequest" name="Delete Favorities" id="8c7f9ff2-943e-4183-9301-1a35b8da26b3">
    <con:settings/>
    <con:config service="Delete Favorities" resourcePath="/account/favorites/${#[Regression Suite#Retrive Favorites#Retrive Favorites]#Response#$['applianceId']}" methodName="Delete Favorities" xsi:type="con:RestRequestStep" xmlns:xsi="http://www.w3.org/2001/XMLSchema-instance">
      <con:restRequest name="Delete Favorities" id="42121bf7-b6d4-41ff-aecb-dab9fe56c0ce" mediaType="application/json" postQueryString="false">
        <con:settings>
          <con:setting id="com.eviware.soapui.impl.wsdl.WsdlRequest@request-headers">&lt;xml-fragment/></con:setting>
        </con:settings>
        <con:endpoint>${API-Connect}-</con:endpoint>
        <con:request/>
        <con:credentials>
          <con:selectedAuthProfile>No Authorization</con:selectedAuthProfile>
          <con:authType>No Authorization</con:authType>
        </con:credentials>
        <con:jmsConfig JMSDeliveryMode="PERSISTENT"/>
        <con:parameters/>
        <con:parameterOrder>
          <con:entry>Authorization</con:entry>
        </con:parameterOrder>
        <con:environmentSpec>
          <con:entry environmentId="b74c2924-5d4b-41b7-a14b-5522870d29dc">
            <con:authProfile>Inherit From Parent</con:authProfile>
          </con:entry>
        </con:environmentSpec>
      </con:restRequest>
    </con:config>
  </con:testStep>
  <con:properties/>
  <con:reportParameters/>
</con:testCase>
