<?xml version="1.0" encoding="UTF-8"?>
<con:testCase id="af9f9e61-fd50-40b2-8a5e-26ddd9259aad" discardOkResults="true" failOnError="false" failTestCaseOnErrors="true" keepSession="false" name="Test case based on single requests 91" searchProperties="true" timeout="0" xmlns:con="http://eviware.com/soapui/config">
  <con:settings>
    <con:setting id="af9f9e61-fd50-40b2-8a5e-26ddd9259aadfileName">Test-case-based-on-single-requests-91</con:setting>
  </con:settings>
  <con:testStep type="restrequest" name="Update Client Version Notice" id="9432a159-16b1-477e-a631-b382e2718378">
    <con:settings/>
    <con:config service="Update Client Version Notice" resourcePath="/updateClientVersionNotice" methodName="Update Client Version Notice" xsi:type="con:RestRequestStep" xmlns:xsi="http://www.w3.org/2001/XMLSchema-instance">
      <con:restRequest name="Update Client Version Notice" id="9f1f80a3-b8f0-4848-ac74-90b7bb2e6dec" mediaType="application/json" postQueryString="false">
        <con:settings>
          <con:setting id="com.eviware.soapui.impl.wsdl.WsdlRequest@request-headers">&lt;xml-fragment/></con:setting>
        </con:settings>
        <con:endpoint>${#Project#API-Connect}</con:endpoint>
        <con:request>{
	"clientVersionNoticesId":2,
  "category":"eol_warneol_warn",
  "notice": "IOSTEST",
  "repeat":0,
  "startDate": 1506978760000,
  "endDate":1507065160000,
  "createdAt":1506978760000,
  "updatedAt": 1506978760000,
  "clientVersionId":10
}</con:request>
        <con:credentials>
          <con:selectedAuthProfile>No Authorization</con:selectedAuthProfile>
          <con:authType>No Authorization</con:authType>
        </con:credentials>
        <con:jmsConfig JMSDeliveryMode="PERSISTENT"/>
        <con:parameters/>
        <con:parameterOrder>
          <con:entry>Authorization</con:entry>
        </con:parameterOrder>
        <con:environmentSpec>
          <con:entry environmentId="1653fcad-25f1-42dc-b777-d850bb70a926">
            <con:authProfile>Inherit From Parent</con:authProfile>
          </con:entry>
          <con:entry environmentId="355af1cd-ed93-49d8-b6be-b3da6c1def92">
            <con:authProfile>Inherit From Parent</con:authProfile>
          </con:entry>
          <con:entry environmentId="f6279578-3a49-4834-9a7b-8e92ae71f8e9">
            <con:authProfile>Inherit From Parent</con:authProfile>
          </con:entry>
          <con:entry environmentId="b74c2924-5d4b-41b7-a14b-5522870d29dc">
            <con:authProfile>Inherit From Parent</con:authProfile>
          </con:entry>
        </con:environmentSpec>
      </con:restRequest>
    </con:config>
  </con:testStep>
  <con:properties/>
  <con:reportParameters/>
</con:testCase>
