<?xml version="1.0" encoding="UTF-8"?>
<con:testCase id="89cd3b01-51fa-45d8-b1e4-d6a7d0e0061e" discardOkResults="true" failOnError="false" failTestCaseOnErrors="true" keepSession="false" name="Test case based on single requests 85" searchProperties="true" timeout="0" xmlns:con="http://eviware.com/soapui/config">
  <con:settings>
    <con:setting id="89cd3b01-51fa-45d8-b1e4-d6a7d0e0061efileName">Test-case-based-on-single-requests-85</con:setting>
  </con:settings>
  <con:testStep type="restrequest" name="Delete Client Version" id="6bbfae01-ecff-46ad-9cbd-4a4a5195b8e1">
    <con:settings/>
    <con:config service="Delete Client Version" resourcePath="/delete_client_version/${#TestCase#Client_Version_ID}" methodName="Delete Client Version" xsi:type="con:RestRequestStep" xmlns:xsi="http://www.w3.org/2001/XMLSchema-instance">
      <con:restRequest name="Delete Client Version" id="4023bdeb-f938-44ec-8701-590c0d128342" mediaType="application/json" postQueryString="false">
        <con:settings>
          <con:setting id="com.eviware.soapui.impl.wsdl.WsdlRequest@request-headers">&lt;xml-fragment/></con:setting>
        </con:settings>
        <con:endpoint>{{Account}}</con:endpoint>
        <con:request/>
        <con:originalUri>https://accountserviceqa-v2.mybluemix.net/api/v1/delete_client_version/</con:originalUri>
        <con:credentials>
          <con:selectedAuthProfile>No Authorization</con:selectedAuthProfile>
          <con:authType>No Authorization</con:authType>
        </con:credentials>
        <con:jmsConfig JMSDeliveryMode="PERSISTENT"/>
        <con:parameters/>
        <con:parameterOrder>
          <con:entry>Authorization</con:entry>
        </con:parameterOrder>
        <con:environmentSpec>
          <con:entry environmentId="1653fcad-25f1-42dc-b777-d850bb70a926">
            <con:authProfile>Inherit From Parent</con:authProfile>
          </con:entry>
          <con:entry environmentId="355af1cd-ed93-49d8-b6be-b3da6c1def92">
            <con:authProfile>Inherit From Parent</con:authProfile>
          </con:entry>
          <con:entry environmentId="f6279578-3a49-4834-9a7b-8e92ae71f8e9">
            <con:authProfile>Inherit From Parent</con:authProfile>
          </con:entry>
          <con:entry environmentId="b74c2924-5d4b-41b7-a14b-5522870d29dc">
            <con:authProfile>Inherit From Parent</con:authProfile>
          </con:entry>
        </con:environmentSpec>
      </con:restRequest>
    </con:config>
  </con:testStep>
  <con:properties/>
  <con:reportParameters/>
</con:testCase>
