<?xml version="1.0" encoding="UTF-8"?>
<con:testCase id="d562fd94-c0ef-44dc-9de2-73643253810d" discardOkResults="true" failOnError="false" failTestCaseOnErrors="true" keepSession="false" name="Test case based on single requests 110" searchProperties="true" timeout="0" xmlns:con="http://eviware.com/soapui/config">
  <con:settings>
    <con:setting id="d562fd94-c0ef-44dc-9de2-73643253810dfileName">Test-case-based-on-single-requests-110</con:setting>
  </con:settings>
  <con:testStep type="restrequest" name="Set demand response for multiple appliances" id="a943f871-0d82-4503-a92f-876c5609ef41">
    <con:settings/>
    <con:config service="Set demand response for multiple appliances" resourcePath="/energy/devices" methodName="Set demand response for multiple appliances" xsi:type="con:RestRequestStep" xmlns:xsi="http://www.w3.org/2001/XMLSchema-instance">
      <con:restRequest name="Set demand response for multiple appliances" id="a69355f5-75ff-44d5-973e-bd306b3bcf87" mediaType="application/json" postQueryString="false">
        <con:settings>
          <con:setting id="com.eviware.soapui.impl.wsdl.WsdlRequest@request-headers">&lt;xml-fragment/></con:setting>
        </con:settings>
        <con:endpoint>${#Project#API-Connect}</con:endpoint>
        <con:request>{
  "demandResponseStartTime":"2017-08-15T 16:00:00Z",
  "demandResponseEndTime":"2017-08-15T 16:06:53Z",
  "demandResponseMode":"slow",
  "devices": [{
  "deviceId": "883A0638B3D4B4BC6832C4F40F9308112071DE56F27DD7B987389D8364589A47"
  }, {
    "deviceId": "51F6AEF0A0A66EC164C48D7FCFC340E2A583D0B1ACA274ABB5D8A88458744EFA"
  }]
  
}</con:request>
        <con:originalUri>https://api-test.whrcloud.com/api/v1/energy/devices</con:originalUri>
        <con:credentials>
          <con:selectedAuthProfile>No Authorization</con:selectedAuthProfile>
          <con:authType>No Authorization</con:authType>
        </con:credentials>
        <con:jmsConfig JMSDeliveryMode="PERSISTENT"/>
        <con:parameters/>
        <con:parameterOrder>
          <con:entry>Authorization</con:entry>
        </con:parameterOrder>
        <con:environmentSpec>
          <con:entry environmentId="1653fcad-25f1-42dc-b777-d850bb70a926">
            <con:authProfile>Inherit From Parent</con:authProfile>
          </con:entry>
          <con:entry environmentId="355af1cd-ed93-49d8-b6be-b3da6c1def92">
            <con:authProfile>Inherit From Parent</con:authProfile>
          </con:entry>
          <con:entry environmentId="f6279578-3a49-4834-9a7b-8e92ae71f8e9">
            <con:authProfile>Inherit From Parent</con:authProfile>
          </con:entry>
          <con:entry environmentId="b74c2924-5d4b-41b7-a14b-5522870d29dc">
            <con:authProfile>Inherit From Parent</con:authProfile>
          </con:entry>
        </con:environmentSpec>
      </con:restRequest>
    </con:config>
  </con:testStep>
  <con:properties/>
  <con:reportParameters/>
</con:testCase>
