<?xml version="1.0" encoding="UTF-8"?>
<con:testCase id="9394244e-02cc-4964-86e4-da97b3d0ed73" discardOkResults="true" failOnError="false" failTestCaseOnErrors="true" keepSession="false" name="Test case based on single requests 176" searchProperties="true" timeout="0" xmlns:con="http://eviware.com/soapui/config">
  <con:settings>
    <con:setting id="9394244e-02cc-4964-86e4-da97b3d0ed73fileName">Test-case-based-on-single-requests-176</con:setting>
  </con:settings>
  <con:testStep type="restrequest" name="Retrive Favorites" id="74e4c7b5-d3ea-47bc-aff6-c416e0c7cabc">
    <con:settings/>
    <con:config service="Retrive Favorites" resourcePath="/account/favorites/${#[Regression Suite#create-setting#create-setting]#RawRequest#$['applianceId']}" methodName="Retrive Favorites" xsi:type="con:RestRequestStep" xmlns:xsi="http://www.w3.org/2001/XMLSchema-instance">
      <con:restRequest name="Retrive Favorites" id="effe7cf4-f260-4b12-bd2b-e0710874bf7b" mediaType="application/json">
        <con:settings>
          <con:setting id="com.eviware.soapui.impl.wsdl.WsdlRequest@request-headers">&lt;xml-fragment/></con:setting>
        </con:settings>
        <con:endpoint>${API-Connect}</con:endpoint>
        <con:request/>
        <con:credentials>
          <con:selectedAuthProfile>No Authorization</con:selectedAuthProfile>
          <con:authType>No Authorization</con:authType>
        </con:credentials>
        <con:jmsConfig JMSDeliveryMode="PERSISTENT"/>
        <con:parameters/>
        <con:parameterOrder>
          <con:entry>Authorization</con:entry>
        </con:parameterOrder>
        <con:environmentSpec>
          <con:entry environmentId="b74c2924-5d4b-41b7-a14b-5522870d29dc">
            <con:authProfile>Inherit From Parent</con:authProfile>
          </con:entry>
        </con:environmentSpec>
      </con:restRequest>
    </con:config>
  </con:testStep>
  <con:properties/>
  <con:reportParameters/>
</con:testCase>
