<?xml version="1.0" encoding="UTF-8"?>
<con:testCase id="22e6db1c-b6a9-408e-92b3-6b4022751ace" discardOkResults="true" failOnError="false" failTestCaseOnErrors="true" keepSession="false" name="Test case based on single requests 141" searchProperties="true" timeout="0" xmlns:con="http://eviware.com/soapui/config">
  <con:settings>
    <con:setting id="22e6db1c-b6a9-408e-92b3-6b4022751acefileName">Test-case-based-on-single-requests-141</con:setting>
  </con:settings>
  <con:testStep type="restrequest" name="GET Client Token" id="39ad95c2-6132-4407-96d4-1edb430f3f93">
    <con:settings/>
    <con:config service="GET Client Token" resourcePath="/oauth/token" methodName="GET Client Token" xsi:type="con:RestRequestStep" xmlns:xsi="http://www.w3.org/2001/XMLSchema-instance">
      <con:restRequest name="GET Client Token" id="3d9e8eef-6b94-46de-8b7d-21a4174f9b47" mediaType="multipart/form-data" postQueryString="false">
        <con:settings>
          <con:setting id="com.eviware.soapui.impl.wsdl.WsdlRequest@request-headers">&lt;xml-fragment/></con:setting>
          <con:setting id="com.eviware.soapui.support.editor.views.xml.form2.FormEditorView@ViewType">All</con:setting>
          <con:setting id="RecordRequestRepresentations">false</con:setting>
        </con:settings>
        <con:endpoint>${#Project#Secure_auth}</con:endpoint>
        <con:request/>
        <con:originalUri>https://secureauthqa.mybluemix.net/oauth/token</con:originalUri>
        <con:credentials>
          <con:selectedAuthProfile>No Authorization</con:selectedAuthProfile>
          <con:authType>No Authorization</con:authType>
        </con:credentials>
        <con:jmsConfig JMSDeliveryMode="PERSISTENT"/>
        <con:jmsPropertyConfig/>
        <con:parameters>
          <con:entry key="grant_type" value="client_credentials"/>
          <con:entry key="client_secret" value="syntel123$"/>
          <con:entry key="client_id" value="syntel"/>
        </con:parameters>
        <con:parameterOrder>
          <con:entry>grant_type</con:entry>
          <con:entry>client_id</con:entry>
          <con:entry>client_secret</con:entry>
        </con:parameterOrder>
        <con:environmentSpec>
          <con:entry environmentId="6f0100a6-91e6-476c-8a30-1216e3f39821">
            <con:authProfile>No Authorization</con:authProfile>
          </con:entry>
          <con:entry environmentId="4398ae1d-0351-4fb3-a5a2-3711b104c124">
            <con:authProfile>Inherit From Parent</con:authProfile>
          </con:entry>
          <con:entry environmentId="dc59d3b0-2cc1-4c91-a36d-62642d50ba5a">
            <con:authProfile>Inherit From Parent</con:authProfile>
          </con:entry>
          <con:entry environmentId="5c297842-d8ad-466b-8b05-f06abf54bfe2">
            <con:authProfile>Inherit From Parent</con:authProfile>
          </con:entry>
          <con:entry environmentId="276146a1-7fd3-46fe-b2f6-638c85bb127c">
            <con:authProfile>Inherit From Parent</con:authProfile>
          </con:entry>
          <con:entry environmentId="1653fcad-25f1-42dc-b777-d850bb70a926">
            <con:authProfile>Inherit From Parent</con:authProfile>
          </con:entry>
          <con:entry environmentId="355af1cd-ed93-49d8-b6be-b3da6c1def92">
            <con:authProfile>Inherit From Parent</con:authProfile>
          </con:entry>
          <con:entry environmentId="f6279578-3a49-4834-9a7b-8e92ae71f8e9">
            <con:authProfile>Inherit From Parent</con:authProfile>
          </con:entry>
          <con:entry environmentId="b74c2924-5d4b-41b7-a14b-5522870d29dc">
            <con:authProfile>Inherit From Parent</con:authProfile>
          </con:entry>
        </con:environmentSpec>
      </con:restRequest>
    </con:config>
  </con:testStep>
  <con:properties/>
  <con:reportParameters/>
</con:testCase>
