<?xml version="1.0" encoding="UTF-8"?>
<con:testCase id="41663a46-305a-4a69-8f18-8d2ffe645fe8" discardOkResults="true" failOnError="false" failTestCaseOnErrors="true" keepSession="false" name="Test case based on single requests 95" searchProperties="true" timeout="0" xmlns:con="http://eviware.com/soapui/config">
  <con:settings>
    <con:setting id="41663a46-305a-4a69-8f18-8d2ffe645fe8fileName">Test-case-based-on-single-requests-95</con:setting>
  </con:settings>
  <con:testStep type="restrequest" name="Account Link" id="b4b189ff-c4c2-4c53-ae32-50a9b6f2c6f2">
    <con:settings/>
    <con:config service="Account Link" resourcePath="/energy/${#[Regression Suite#Create Account#Create Account_Positive]#Response#$['email']}/" methodName="Account Link" xsi:type="con:RestRequestStep" xmlns:xsi="http://www.w3.org/2001/XMLSchema-instance">
      <con:restRequest name="Account Link" id="8dbb6535-3286-4997-a54f-3424d294365a" mediaType="application/json" postQueryString="false">
        <con:settings>
          <con:setting id="com.eviware.soapui.impl.wsdl.WsdlRequest@request-headers">&lt;xml-fragment/></con:setting>
        </con:settings>
        <con:endpoint>${#Project#API-Connect}</con:endpoint>
        <con:request/>
        <con:originalUri>https://api.us.apiconnect.ibmcloud.com/whirlpool-developer-network-wcloud-dev/whirlpool-iot-qa/api/v1/energy/TUE_DEC_05_11_08_47_IST_2017@MAILINATOR.COM/</con:originalUri>
        <con:credentials>
          <con:selectedAuthProfile>No Authorization</con:selectedAuthProfile>
          <con:authType>No Authorization</con:authType>
        </con:credentials>
        <con:jmsConfig JMSDeliveryMode="PERSISTENT"/>
        <con:parameters/>
        <con:parameterOrder>
          <con:entry>Authorization</con:entry>
        </con:parameterOrder>
        <con:environmentSpec>
          <con:entry environmentId="1653fcad-25f1-42dc-b777-d850bb70a926">
            <con:authProfile>Inherit From Parent</con:authProfile>
          </con:entry>
          <con:entry environmentId="355af1cd-ed93-49d8-b6be-b3da6c1def92">
            <con:authProfile>Inherit From Parent</con:authProfile>
          </con:entry>
          <con:entry environmentId="f6279578-3a49-4834-9a7b-8e92ae71f8e9">
            <con:authProfile>Inherit From Parent</con:authProfile>
          </con:entry>
          <con:entry environmentId="b74c2924-5d4b-41b7-a14b-5522870d29dc">
            <con:authProfile>Inherit From Parent</con:authProfile>
          </con:entry>
        </con:environmentSpec>
      </con:restRequest>
    </con:config>
  </con:testStep>
  <con:properties/>
  <con:reportParameters/>
</con:testCase>
