<?xml version="1.0" encoding="UTF-8"?>
<con:testCase id="80434b24-7735-445e-8ddd-f92669bef05c" discardOkResults="true" failOnError="false" failTestCaseOnErrors="true" keepSession="false" name="Test case based on single requests 98" searchProperties="true" timeout="0" xmlns:con="http://eviware.com/soapui/config">
  <con:settings>
    <con:setting id="80434b24-7735-445e-8ddd-f92669bef05cfileName">Test-case-based-on-single-requests-98</con:setting>
  </con:settings>
  <con:testStep type="restrequest" name="Authenticate Appliance" id="a0782ced-4088-4902-a7ca-aa90057e68d9">
    <con:settings/>
    <con:config service="Authenticate Appliance" resourcePath="/authenticateAppliance" methodName="AuthenticateAppliance" xsi:type="con:RestRequestStep" xmlns:xsi="http://www.w3.org/2001/XMLSchema-instance">
      <con:restRequest name="Authenticate Appliance" id="ee082d1c-58a2-448f-b1d1-64b0e60ab566" mediaType="application/json" postQueryString="false">
        <con:settings>
          <con:setting id="com.eviware.soapui.impl.wsdl.WsdlRequest@request-headers">&lt;xml-fragment/></con:setting>
        </con:settings>
        <con:endpoint>${LAR}</con:endpoint>
        <con:request>{
  "said": "WPR1032017tuesday2017jhfuhyt",
  "dct": "30ad09ad8fa0098ad9d9999pffffa"
}</con:request>
        <con:originalUri>https://larshoppinglistserviceqa-v2.mybluemix.net/api/v1/authenticateAppliance</con:originalUri>
        <con:credentials>
          <con:selectedAuthProfile>No Authorization</con:selectedAuthProfile>
          <con:authType>No Authorization</con:authType>
        </con:credentials>
        <con:jmsConfig JMSDeliveryMode="PERSISTENT"/>
        <con:parameters/>
        <con:parameterOrder>
          <con:entry>Authorization</con:entry>
        </con:parameterOrder>
        <con:environmentSpec>
          <con:entry environmentId="1653fcad-25f1-42dc-b777-d850bb70a926">
            <con:authProfile>Inherit From Parent</con:authProfile>
          </con:entry>
          <con:entry environmentId="355af1cd-ed93-49d8-b6be-b3da6c1def92">
            <con:authProfile>Inherit From Parent</con:authProfile>
          </con:entry>
          <con:entry environmentId="f6279578-3a49-4834-9a7b-8e92ae71f8e9">
            <con:authProfile>Inherit From Parent</con:authProfile>
          </con:entry>
          <con:entry environmentId="b74c2924-5d4b-41b7-a14b-5522870d29dc">
            <con:authProfile>Inherit From Parent</con:authProfile>
          </con:entry>
        </con:environmentSpec>
      </con:restRequest>
    </con:config>
  </con:testStep>
  <con:properties/>
  <con:reportParameters/>
</con:testCase>
