<?xml version="1.0" encoding="UTF-8"?>
<con:testCase id="8588fb7a-ae79-4bc7-8452-2066015cef3a" discardOkResults="true" failOnError="false" failTestCaseOnErrors="true" keepSession="false" name="Test case based on single requests 123" searchProperties="true" timeout="0" xmlns:con="http://eviware.com/soapui/config">
  <con:settings>
    <con:setting id="8588fb7a-ae79-4bc7-8452-2066015cef3afileName">Test-case-based-on-single-requests-123</con:setting>
  </con:settings>
  <con:testStep type="restrequest" name="Start replenishment" id="0c4a18b8-913d-471f-9d32-c74ee80353c4">
    <con:settings/>
    <con:config service="Start replenishment" resourcePath="/appliances/${#[Regression Suite#Update User Consent]#Appliance_ID}/replenishment/start" methodName="Start replenishment" xsi:type="con:RestRequestStep" xmlns:xsi="http://www.w3.org/2001/XMLSchema-instance">
      <con:restRequest name="Start replenishment" id="99a7d7c9-c573-4b38-855a-43e88fbe1ce0" mediaType="application/json" postQueryString="false">
        <con:settings>
          <con:setting id="com.eviware.soapui.impl.wsdl.WsdlRequest@request-headers">&lt;xml-fragment/></con:setting>
        </con:settings>
        <con:endpoint>http://amazonreplenishmentserviceqa-v2.mybluemix.net</con:endpoint>
        <con:request>{
    "replenishment": {
        "slots": {
            "3": {
                "start_date": 1512125699
            }
      }
  }
}</con:request>
        <con:credentials>
          <con:selectedAuthProfile>No Authorization</con:selectedAuthProfile>
          <con:authType>No Authorization</con:authType>
        </con:credentials>
        <con:jmsConfig JMSDeliveryMode="PERSISTENT"/>
        <con:parameters/>
        <con:parameterOrder>
          <con:entry>Content-Type</con:entry>
          <con:entry>Authorization</con:entry>
        </con:parameterOrder>
        <con:environmentSpec>
          <con:entry environmentId="1653fcad-25f1-42dc-b777-d850bb70a926">
            <con:authProfile>Inherit From Parent</con:authProfile>
          </con:entry>
          <con:entry environmentId="355af1cd-ed93-49d8-b6be-b3da6c1def92">
            <con:authProfile>Inherit From Parent</con:authProfile>
          </con:entry>
          <con:entry environmentId="f6279578-3a49-4834-9a7b-8e92ae71f8e9">
            <con:authProfile>Inherit From Parent</con:authProfile>
          </con:entry>
          <con:entry environmentId="b74c2924-5d4b-41b7-a14b-5522870d29dc">
            <con:authProfile>Inherit From Parent</con:authProfile>
          </con:entry>
        </con:environmentSpec>
      </con:restRequest>
    </con:config>
  </con:testStep>
  <con:properties/>
  <con:reportParameters/>
</con:testCase>
