<?xml version="1.0" encoding="UTF-8"?>
<con:testCase id="72a99304-d3cf-40b6-8de3-905a9675b11e" discardOkResults="true" failOnError="false" failTestCaseOnErrors="true" keepSession="false" name="Test case based on single requests 82" searchProperties="true" timeout="0" xmlns:con="http://eviware.com/soapui/config">
  <con:settings>
    <con:setting id="72a99304-d3cf-40b6-8de3-905a9675b11efileName">Test-case-based-on-single-requests-82</con:setting>
  </con:settings>
  <con:testStep type="restrequest" name="Get Client Version" id="3f9ae617-6a17-448c-8392-977af814e6a8">
    <con:settings/>
    <con:config service="Get Client Version" resourcePath="/client_auth/client_version" methodName="Get Client Version" xsi:type="con:RestRequestStep" xmlns:xsi="http://www.w3.org/2001/XMLSchema-instance">
      <con:restRequest name="Get Client Version" id="5401cca4-e099-472c-8f16-4a88b411767a" mediaType="application/json">
        <con:settings>
          <con:setting id="com.eviware.soapui.impl.wsdl.WsdlRequest@request-headers">&lt;xml-fragment/></con:setting>
        </con:settings>
        <con:endpoint>${#Project#API-Connect}</con:endpoint>
        <con:request/>
        <con:originalUri>https://api.us.apiconnect.ibmcloud.com/whirlpool-developer-network-wcloud-dev/whirlpool-iot-qa/api/v1/client_auth/client_version</con:originalUri>
        <con:credentials>
          <con:selectedAuthProfile>No Authorization</con:selectedAuthProfile>
          <con:authType>No Authorization</con:authType>
        </con:credentials>
        <con:jmsConfig JMSDeliveryMode="PERSISTENT"/>
        <con:parameters>
          <con:entry key="wp-client-appName" value=""/>
          <con:entry key="wp-client-verion" value=""/>
        </con:parameters>
        <con:parameterOrder>
          <con:entry>Authorization</con:entry>
          <con:entry>wp-client-appName</con:entry>
          <con:entry>wp-client-verion</con:entry>
          <con:entry>wp-client-platform</con:entry>
        </con:parameterOrder>
        <con:environmentSpec>
          <con:entry environmentId="1653fcad-25f1-42dc-b777-d850bb70a926">
            <con:authProfile>Inherit From Parent</con:authProfile>
          </con:entry>
          <con:entry environmentId="355af1cd-ed93-49d8-b6be-b3da6c1def92">
            <con:authProfile>Inherit From Parent</con:authProfile>
          </con:entry>
          <con:entry environmentId="f6279578-3a49-4834-9a7b-8e92ae71f8e9">
            <con:authProfile>Inherit From Parent</con:authProfile>
          </con:entry>
          <con:entry environmentId="b74c2924-5d4b-41b7-a14b-5522870d29dc">
            <con:authProfile>Inherit From Parent</con:authProfile>
          </con:entry>
        </con:environmentSpec>
      </con:restRequest>
    </con:config>
  </con:testStep>
  <con:properties/>
  <con:reportParameters/>
</con:testCase>
