<?xml version="1.0" encoding="UTF-8"?>
<con:testCase id="4708f47f-6f3c-48ff-ab5b-18d93f1be2d3" discardOkResults="true" failOnError="false" failTestCaseOnErrors="true" keepSession="false" name="Test case based on single requests 125" searchProperties="true" timeout="0" xmlns:con="http://eviware.com/soapui/config">
  <con:settings>
    <con:setting id="4708f47f-6f3c-48ff-ab5b-18d93f1be2d3fileName">Test-case-based-on-single-requests-125</con:setting>
  </con:settings>
  <con:testStep type="restrequest" name="Discontinue ADRS" id="15de2b32-d5d9-4fb3-a444-d4f974e6554d">
    <con:settings/>
    <con:config service="Discontinue ADRS" resourcePath="/api/v1/deregister" methodName="Discontinue ADRS" xsi:type="con:RestRequestStep" xmlns:xsi="http://www.w3.org/2001/XMLSchema-instance">
      <con:restRequest name="Discontinue ADRS" id="4d5a5b03-1b46-4cf5-b9d8-a29683b8c9ab" mediaType="application/json" postQueryString="false">
        <con:settings>
          <con:setting id="com.eviware.soapui.impl.wsdl.WsdlRequest@request-headers">&lt;xml-fragment/></con:setting>
        </con:settings>
        <con:endpoint>http://amazonreplenishmentserviceqa-v2.mybluemix.net</con:endpoint>
        <con:request/>
        <con:originalUri>http://amazonreplenishmentserviceqa-v2.mybluemix.net/api/v1/deregister</con:originalUri>
        <con:credentials>
          <con:selectedAuthProfile>No Authorization</con:selectedAuthProfile>
          <con:authType>No Authorization</con:authType>
        </con:credentials>
        <con:jmsConfig JMSDeliveryMode="PERSISTENT"/>
        <con:parameters/>
        <con:parameterOrder>
          <con:entry>Authorization</con:entry>
          <con:entry>x-amzn-accept-type</con:entry>
          <con:entry>x-amzn-type-version</con:entry>
          <con:entry>access_token</con:entry>
        </con:parameterOrder>
        <con:environmentSpec>
          <con:entry environmentId="1653fcad-25f1-42dc-b777-d850bb70a926">
            <con:authProfile>Inherit From Parent</con:authProfile>
          </con:entry>
          <con:entry environmentId="355af1cd-ed93-49d8-b6be-b3da6c1def92">
            <con:authProfile>Inherit From Parent</con:authProfile>
          </con:entry>
          <con:entry environmentId="f6279578-3a49-4834-9a7b-8e92ae71f8e9">
            <con:authProfile>Inherit From Parent</con:authProfile>
          </con:entry>
          <con:entry environmentId="b74c2924-5d4b-41b7-a14b-5522870d29dc">
            <con:authProfile>Inherit From Parent</con:authProfile>
          </con:entry>
        </con:environmentSpec>
      </con:restRequest>
    </con:config>
  </con:testStep>
  <con:properties/>
  <con:reportParameters/>
</con:testCase>
