<?xml version="1.0" encoding="UTF-8"?>
<con:testCase id="1cb1b71b-1dd9-4a53-99c3-0885c003670b" discardOkResults="true" failOnError="false" failTestCaseOnErrors="true" keepSession="false" name="Test case based on single requests 175" searchProperties="true" timeout="0" xmlns:con="http://eviware.com/soapui/config">
  <con:settings>
    <con:setting id="1cb1b71b-1dd9-4a53-99c3-0885c003670bfileName">Test-case-based-on-single-requests-175</con:setting>
  </con:settings>
  <con:testStep type="restrequest" name="create or update -setting" id="23bd0d89-132a-4a6b-b07f-42bb91bafbd4">
    <con:settings/>
    <con:config service="create or update -setting" resourcePath="/account/favorites/entity/setting" methodName="create or update -setting" xsi:type="con:RestRequestStep" xmlns:xsi="http://www.w3.org/2001/XMLSchema-instance">
      <con:restRequest name="create or update -setting" id="da934dec-504e-4fd7-850a-f8c34330d731" mediaType="application/json" postQueryString="false">
        <con:settings>
          <con:setting id="com.eviware.soapui.impl.wsdl.WsdlRequest@request-headers">&lt;xml-fragment/></con:setting>
        </con:settings>
        <con:endpoint>${API-Connect}</con:endpoint>
        <con:request>{  
    "applianceId":"refrigator121212",
    "accountId":"241",
    "locationId":"723",
    "favoritesList":[  
        {  
           "favoriteSettings":{  
                "M2MAttributeName":"NewTempSettingFreezer",
                "Instance":"",
                "AttributeName":"NewTempSettingFreezer",
                "Key":"0xB053",
                "MappedAttributeName":"NewTempSettingFreezer",
                "dataType":"IntegerSigned8Bit",
                "deviceIO":"RW",
                "isTimeSeries":true,
                "isTemplate":true,
                "Default":"0",
                "favoriteFill1" :"ml",
                "favoriteFill2" :"cups"
            }
        }
  ]
}</con:request>
        <con:credentials>
          <con:selectedAuthProfile>No Authorization</con:selectedAuthProfile>
          <con:authType>No Authorization</con:authType>
        </con:credentials>
        <con:jmsConfig JMSDeliveryMode="PERSISTENT"/>
        <con:parameters/>
        <con:parameterOrder>
          <con:entry>Authorization</con:entry>
        </con:parameterOrder>
        <con:environmentSpec>
          <con:entry environmentId="b74c2924-5d4b-41b7-a14b-5522870d29dc">
            <con:authProfile>Inherit From Parent</con:authProfile>
          </con:entry>
        </con:environmentSpec>
      </con:restRequest>
    </con:config>
  </con:testStep>
  <con:properties/>
  <con:reportParameters/>
</con:testCase>
