<?xml version="1.0" encoding="UTF-8"?>
<con:testCase id="13e8c47a-2187-4055-b2f1-58ccee696734" discardOkResults="true" failOnError="false" failTestCaseOnErrors="true" keepSession="false" name="Test case based on single requests 101" searchProperties="true" timeout="0" xmlns:con="http://eviware.com/soapui/config">
  <con:settings>
    <con:setting id="13e8c47a-2187-4055-b2f1-58ccee696734fileName">Test-case-based-on-single-requests-101</con:setting>
  </con:settings>
  <con:testStep type="restrequest" name="getAllShoppingListItems " id="c8f15e80-ac61-4912-8cd6-cab470e06f19">
    <con:settings/>
    <con:config service="getAllShoppingListItems " resourcePath="/getAllShoppingListItems" methodName="GetAllShoppingListItems" xsi:type="con:RestRequestStep" xmlns:xsi="http://www.w3.org/2001/XMLSchema-instance">
      <con:restRequest name="getAllShoppingListItems " id="ed1292ec-6f32-4462-99e3-1938b80230c4" mediaType="application/json">
        <con:settings>
          <con:setting id="com.eviware.soapui.impl.wsdl.WsdlRequest@request-headers">&lt;xml-fragment/></con:setting>
        </con:settings>
        <con:endpoint>${LAR}</con:endpoint>
        <con:request/>
        <con:originalUri>https://larshoppinglistserviceqa-v2.mybluemix.net/api/v1/getAllShoppingListItems</con:originalUri>
        <con:credentials>
          <con:selectedAuthProfile>No Authorization</con:selectedAuthProfile>
          <con:authType>No Authorization</con:authType>
        </con:credentials>
        <con:jmsConfig JMSDeliveryMode="PERSISTENT"/>
        <con:parameters/>
        <con:parameterOrder>
          <con:entry>Authorization</con:entry>
        </con:parameterOrder>
        <con:environmentSpec>
          <con:entry environmentId="1653fcad-25f1-42dc-b777-d850bb70a926">
            <con:authProfile>Inherit From Parent</con:authProfile>
          </con:entry>
          <con:entry environmentId="355af1cd-ed93-49d8-b6be-b3da6c1def92">
            <con:authProfile>Inherit From Parent</con:authProfile>
          </con:entry>
          <con:entry environmentId="f6279578-3a49-4834-9a7b-8e92ae71f8e9">
            <con:authProfile>Inherit From Parent</con:authProfile>
          </con:entry>
          <con:entry environmentId="b74c2924-5d4b-41b7-a14b-5522870d29dc">
            <con:authProfile>Inherit From Parent</con:authProfile>
          </con:entry>
        </con:environmentSpec>
      </con:restRequest>
    </con:config>
  </con:testStep>
  <con:properties/>
  <con:reportParameters/>
</con:testCase>
