<?xml version="1.0" encoding="UTF-8"?>
<con:testCase id="e1d100cf-8895-4739-87c1-2289194e091a" discardOkResults="true" failOnError="false" failTestCaseOnErrors="true" keepSession="false" name="Test case based on single requests 13" searchProperties="true" timeout="0" xmlns:con="http://eviware.com/soapui/config">
  <con:settings>
    <con:setting id="e1d100cf-8895-4739-87c1-2289194e091afileName">Test-case-based-on-single-requests-13</con:setting>
  </con:settings>
  <con:testStep type="restrequest" name="Get Value of attribute for particular entity" id="3901cb91-b682-461d-80e7-c1d80751395c">
    <con:settings/>
    <con:config service="Get Value of attribute for particular entity" resourcePath="/${#TestCase#SAID}/Entities/${#TestCase#Attribute_Name}" methodName="Get Value of attribute for particular entity" xsi:type="con:RestRequestStep" xmlns:xsi="http://www.w3.org/2001/XMLSchema-instance">
      <con:restRequest name="Get Value of attribute for particular entity" id="dbba2293-01a9-4b91-85ec-de6175c1e2ed" mediaType="application/json">
        <con:settings>
          <con:setting id="com.eviware.soapui.impl.wsdl.WsdlRequest@request-headers">&lt;xml-fragment/></con:setting>
        </con:settings>
        <con:endpoint>${QA_Env}</con:endpoint>
        <con:request/>
        <con:originalUri>https://api.us.apiconnect.ibmcloud.com/whirlpool-developer-network-wcloud-dev/whirlpool-iot-qa/api/WPR333334UCD3/Entities/CycleOptionsWHR_WrinkleShield</con:originalUri>
        <con:credentials>
          <con:selectedAuthProfile>No Authorization</con:selectedAuthProfile>
          <con:authType>No Authorization</con:authType>
        </con:credentials>
        <con:jmsConfig JMSDeliveryMode="PERSISTENT"/>
        <con:jmsPropertyConfig/>
        <con:parameters>
          <entry key="Authorization" value="Bearer ${access_token}" xmlns="http://eviware.com/soapui/config"/>
        </con:parameters>
        <con:parameterOrder>
          <con:entry>Authorization</con:entry>
        </con:parameterOrder>
        <con:environmentSpec>
          <con:entry environmentId="6f0100a6-91e6-476c-8a30-1216e3f39821">
            <con:authProfile>No Authorization</con:authProfile>
          </con:entry>
          <con:entry environmentId="4398ae1d-0351-4fb3-a5a2-3711b104c124">
            <con:authProfile>Inherit From Parent</con:authProfile>
          </con:entry>
          <con:entry environmentId="dc59d3b0-2cc1-4c91-a36d-62642d50ba5a">
            <con:authProfile>Inherit From Parent</con:authProfile>
          </con:entry>
          <con:entry environmentId="5c297842-d8ad-466b-8b05-f06abf54bfe2">
            <con:authProfile>Inherit From Parent</con:authProfile>
          </con:entry>
          <con:entry environmentId="276146a1-7fd3-46fe-b2f6-638c85bb127c">
            <con:authProfile>Inherit From Parent</con:authProfile>
          </con:entry>
          <con:entry environmentId="1653fcad-25f1-42dc-b777-d850bb70a926">
            <con:authProfile>Inherit From Parent</con:authProfile>
          </con:entry>
          <con:entry environmentId="355af1cd-ed93-49d8-b6be-b3da6c1def92">
            <con:authProfile>Inherit From Parent</con:authProfile>
          </con:entry>
          <con:entry environmentId="f6279578-3a49-4834-9a7b-8e92ae71f8e9">
            <con:authProfile>Inherit From Parent</con:authProfile>
          </con:entry>
          <con:entry environmentId="b74c2924-5d4b-41b7-a14b-5522870d29dc">
            <con:authProfile>Inherit From Parent</con:authProfile>
          </con:entry>
        </con:environmentSpec>
      </con:restRequest>
    </con:config>
  </con:testStep>
  <con:properties/>
  <con:reportParameters/>
</con:testCase>
