<?xml version="1.0" encoding="UTF-8"?>
<con:testCase id="3e49b6a5-22cd-4321-8ffd-cd0b75d06cf0" discardOkResults="true" failOnError="false" failTestCaseOnErrors="true" keepSession="false" name="Test case based on single requests 179" searchProperties="true" timeout="0" xmlns:con="http://eviware.com/soapui/config">
  <con:settings>
    <con:setting id="3e49b6a5-22cd-4321-8ffd-cd0b75d06cf0fileName">Test-case-based-on-single-requests-179</con:setting>
  </con:settings>
  <con:testStep type="restrequest" name="Retrive-setting-favfill" id="9d87fb2a-58b8-42c6-b23e-0f1a1a41f126">
    <con:settings/>
    <con:config service="Retrive-setting-favfill" resourcePath="/account/favorites/${#[Regression Suite#create-setting#create-setting]#RawRequest#$['applianceId']}/entity/setting/id/favfill" methodName="Retrive-setting-favfill" xsi:type="con:RestRequestStep" xmlns:xsi="http://www.w3.org/2001/XMLSchema-instance">
      <con:restRequest name="Retrive-setting-favfill" id="cd2236f9-b143-4c01-aa5b-b14a5124d30b" mediaType="application/json">
        <con:settings>
          <con:setting id="com.eviware.soapui.impl.wsdl.WsdlRequest@request-headers">&lt;xml-fragment/></con:setting>
        </con:settings>
        <con:endpoint>${API-Connect}</con:endpoint>
        <con:request/>
        <con:credentials>
          <con:selectedAuthProfile>No Authorization</con:selectedAuthProfile>
          <con:authType>No Authorization</con:authType>
        </con:credentials>
        <con:jmsConfig JMSDeliveryMode="PERSISTENT"/>
        <con:parameters/>
        <con:parameterOrder>
          <con:entry>Authorization</con:entry>
        </con:parameterOrder>
        <con:environmentSpec>
          <con:entry environmentId="b74c2924-5d4b-41b7-a14b-5522870d29dc">
            <con:authProfile>Inherit From Parent</con:authProfile>
          </con:entry>
        </con:environmentSpec>
      </con:restRequest>
    </con:config>
  </con:testStep>
  <con:properties/>
  <con:reportParameters/>
</con:testCase>
