<?xml version="1.0" encoding="UTF-8"?>
<con:testCase id="5b6d02fe-4c26-4e74-ad8c-5ecd3da8f91a" discardOkResults="true" failOnError="false" failTestCaseOnErrors="true" keepSession="false" name="Test case based on single requests 111" searchProperties="true" timeout="0" xmlns:con="http://eviware.com/soapui/config">
  <con:settings>
    <con:setting id="5b6d02fe-4c26-4e74-ad8c-5ecd3da8f91afileName">Test-case-based-on-single-requests-111</con:setting>
  </con:settings>
  <con:testStep type="restrequest" name="delete demand response from dash" id="b7f5596e-7438-405c-9b6e-b703a4d01172">
    <con:settings/>
    <con:config service="delete demand response from dash" resourcePath="/energy/deleteDemandResponse/51F6AEF0A0A66EC164C48D7FCFC340E2A583D0B1ACA274ABB5D8A88458744EFA" methodName="delete demand response from dash" xsi:type="con:RestRequestStep" xmlns:xsi="http://www.w3.org/2001/XMLSchema-instance">
      <con:restRequest name="delete demand response from dash" id="6d5fe592-432f-4f2d-8309-8a290c756bdb" mediaType="application/json" postQueryString="false">
        <con:settings>
          <con:setting id="com.eviware.soapui.impl.wsdl.WsdlRequest@request-headers">&lt;xml-fragment/></con:setting>
        </con:settings>
        <con:endpoint>${#Project#API-Connect}</con:endpoint>
        <con:request/>
        <con:originalUri>https://api-test.whrcloud.com/api/v1/energy/deleteDemandResponse/51F6AEF0A0A66EC164C48D7FCFC340E2A583D0B1ACA274ABB5D8A88458744EFA</con:originalUri>
        <con:credentials>
          <con:selectedAuthProfile>No Authorization</con:selectedAuthProfile>
          <con:authType>No Authorization</con:authType>
        </con:credentials>
        <con:jmsConfig JMSDeliveryMode="PERSISTENT"/>
        <con:parameters/>
        <con:parameterOrder>
          <con:entry>Authorization</con:entry>
        </con:parameterOrder>
        <con:environmentSpec>
          <con:entry environmentId="1653fcad-25f1-42dc-b777-d850bb70a926">
            <con:authProfile>Inherit From Parent</con:authProfile>
          </con:entry>
          <con:entry environmentId="355af1cd-ed93-49d8-b6be-b3da6c1def92">
            <con:authProfile>Inherit From Parent</con:authProfile>
          </con:entry>
          <con:entry environmentId="f6279578-3a49-4834-9a7b-8e92ae71f8e9">
            <con:authProfile>Inherit From Parent</con:authProfile>
          </con:entry>
          <con:entry environmentId="b74c2924-5d4b-41b7-a14b-5522870d29dc">
            <con:authProfile>Inherit From Parent</con:authProfile>
          </con:entry>
        </con:environmentSpec>
      </con:restRequest>
    </con:config>
  </con:testStep>
  <con:properties/>
  <con:reportParameters/>
</con:testCase>
