<?xml version="1.0" encoding="UTF-8"?>
<con:testCase id="8b3cf2d7-a459-4592-8478-7e7932af0dde" discardOkResults="true" failOnError="false" failTestCaseOnErrors="true" keepSession="false" name="Test case based on single requests 69" searchProperties="true" timeout="0" xmlns:con="http://eviware.com/soapui/config">
  <con:settings>
    <con:setting id="8b3cf2d7-a459-4592-8478-7e7932af0ddefileName">Test-case-based-on-single-requests-69</con:setting>
  </con:settings>
  <con:testStep type="restrequest" name="Appliance Wraper" id="7de1d329-7ad5-43bd-bc4c-5ba12b55d989">
    <con:settings/>
    <con:config service="Appliance Wraper" resourcePath="/appliances/claim/" methodName="Appliance Wraper" xsi:type="con:RestRequestStep" xmlns:xsi="http://www.w3.org/2001/XMLSchema-instance">
      <con:restRequest name="Appliance Wraper" id="02d3df6f-10cd-4cc3-aed7-ba657cb3edac" mediaType="application/json" postQueryString="false">
        <con:settings>
          <con:setting id="com.eviware.soapui.impl.wsdl.WsdlRequest@request-headers">&lt;xml-fragment/></con:setting>
        </con:settings>
        <con:endpoint>${QA_Env}</con:endpoint>
        <con:request/>
        <con:credentials>
          <con:selectedAuthProfile>No Authorization</con:selectedAuthProfile>
          <con:authType>No Authorization</con:authType>
        </con:credentials>
        <con:jmsConfig JMSDeliveryMode="PERSISTENT"/>
        <con:parameters/>
        <con:parameterOrder>
          <con:entry>Authorization</con:entry>
          <con:entry>wp-client-region</con:entry>
          <con:entry>wp-client-country</con:entry>
          <con:entry>wp-client-brand</con:entry>
        </con:parameterOrder>
        <con:environmentSpec>
          <con:entry environmentId="6f0100a6-91e6-476c-8a30-1216e3f39821">
            <con:authProfile>No Authorization</con:authProfile>
          </con:entry>
          <con:entry environmentId="4398ae1d-0351-4fb3-a5a2-3711b104c124">
            <con:authProfile>Inherit From Parent</con:authProfile>
          </con:entry>
          <con:entry environmentId="dc59d3b0-2cc1-4c91-a36d-62642d50ba5a">
            <con:authProfile>Inherit From Parent</con:authProfile>
          </con:entry>
          <con:entry environmentId="5c297842-d8ad-466b-8b05-f06abf54bfe2">
            <con:authProfile>Inherit From Parent</con:authProfile>
          </con:entry>
          <con:entry environmentId="276146a1-7fd3-46fe-b2f6-638c85bb127c">
            <con:authProfile>Inherit From Parent</con:authProfile>
          </con:entry>
          <con:entry environmentId="1653fcad-25f1-42dc-b777-d850bb70a926">
            <con:authProfile>Inherit From Parent</con:authProfile>
          </con:entry>
          <con:entry environmentId="355af1cd-ed93-49d8-b6be-b3da6c1def92">
            <con:authProfile>Inherit From Parent</con:authProfile>
          </con:entry>
          <con:entry environmentId="f6279578-3a49-4834-9a7b-8e92ae71f8e9">
            <con:authProfile>Inherit From Parent</con:authProfile>
          </con:entry>
          <con:entry environmentId="b74c2924-5d4b-41b7-a14b-5522870d29dc">
            <con:authProfile>Inherit From Parent</con:authProfile>
          </con:entry>
        </con:environmentSpec>
      </con:restRequest>
    </con:config>
  </con:testStep>
  <con:properties/>
  <con:reportParameters/>
</con:testCase>
