<?xml version="1.0" encoding="UTF-8"?>
<con:testCase id="3bb6d6f6-72fa-4c7b-a48f-a0822b4160d5" discardOkResults="true" failOnError="false" failTestCaseOnErrors="true" keepSession="false" name="Test case based on single requests 94" searchProperties="true" timeout="0" xmlns:con="http://eviware.com/soapui/config">
  <con:settings>
    <con:setting id="3bb6d6f6-72fa-4c7b-a48f-a0822b4160d5fileName">Test-case-based-on-single-requests-94</con:setting>
  </con:settings>
  <con:testStep type="restrequest" name="Get Appliance by Location ID" id="6b169ba8-e426-4738-b0df-efb7150fd561">
    <con:settings/>
    <con:config service="Get Appliance by Location ID" resourcePath="/appliancesForLoc/${#[Regression Suite#Appliance Wraper#Appliance Wraper]#Response#$['appliance']['locationId']}" methodName="Get Appliance by Location ID" xsi:type="con:RestRequestStep" xmlns:xsi="http://www.w3.org/2001/XMLSchema-instance">
      <con:restRequest name="Get Appliance by Location ID" id="1a43b838-e11c-405c-b8b9-8496981e456a" mediaType="application/json">
        <con:settings>
          <con:setting id="com.eviware.soapui.impl.wsdl.WsdlRequest@request-headers">&lt;xml-fragment/></con:setting>
        </con:settings>
        <con:endpoint>${#Project#API-Connect}</con:endpoint>
        <con:request/>
        <con:originalUri>https://api.us.apiconnect.ibmcloud.com/whirlpool-developer-network-wcloud-dev/whirlpool-iot-qa/api/v1/appliancesForLoc/303</con:originalUri>
        <con:credentials>
          <con:selectedAuthProfile>No Authorization</con:selectedAuthProfile>
          <con:authType>No Authorization</con:authType>
        </con:credentials>
        <con:jmsConfig JMSDeliveryMode="PERSISTENT"/>
        <con:parameters/>
        <con:parameterOrder>
          <con:entry>Authorization</con:entry>
          <con:entry>wp-client-region</con:entry>
          <con:entry>wp-client-brand</con:entry>
          <con:entry>wp-client-country</con:entry>
        </con:parameterOrder>
        <con:environmentSpec>
          <con:entry environmentId="1653fcad-25f1-42dc-b777-d850bb70a926">
            <con:authProfile>Inherit From Parent</con:authProfile>
          </con:entry>
          <con:entry environmentId="355af1cd-ed93-49d8-b6be-b3da6c1def92">
            <con:authProfile>Inherit From Parent</con:authProfile>
          </con:entry>
          <con:entry environmentId="f6279578-3a49-4834-9a7b-8e92ae71f8e9">
            <con:authProfile>Inherit From Parent</con:authProfile>
          </con:entry>
          <con:entry environmentId="b74c2924-5d4b-41b7-a14b-5522870d29dc">
            <con:authProfile>Inherit From Parent</con:authProfile>
          </con:entry>
        </con:environmentSpec>
      </con:restRequest>
    </con:config>
  </con:testStep>
  <con:properties/>
  <con:reportParameters/>
</con:testCase>
