<?xml version="1.0" encoding="UTF-8"?>
<con:testCase id="3ea818ea-d344-462c-ac4e-9ed63d14fdcb" discardOkResults="true" failOnError="false" failTestCaseOnErrors="true" keepSession="false" name="Test case based on single requests 124" searchProperties="true" timeout="0" xmlns:con="http://eviware.com/soapui/config">
  <con:settings>
    <con:setting id="3ea818ea-d344-462c-ac4e-9ed63d14fdcbfileName">Test-case-based-on-single-requests-124</con:setting>
  </con:settings>
  <con:testStep type="restrequest" name="Update User Consent" id="000a6006-b108-4415-b97e-ceddea1b0381">
    <con:settings/>
    <con:config service="Update User Consent" resourcePath="/userConsent/${#[Regression Suite#Update User Consent]#Appliance_ID}" methodName="Update User Consent" xsi:type="con:RestRequestStep" xmlns:xsi="http://www.w3.org/2001/XMLSchema-instance">
      <con:restRequest name="Update User Consent" id="3839535c-5288-4eaf-a7cc-5d054efbdf24" mediaType="application/json">
        <con:settings>
          <con:setting id="com.eviware.soapui.impl.wsdl.WsdlRequest@request-headers">&lt;xml-fragment/></con:setting>
        </con:settings>
        <con:endpoint>${API-Connect}</con:endpoint>
        <con:request/>
        <con:originalUri>https://api-test.whrcloud.com/api/v1/userConsent/488</con:originalUri>
        <con:credentials>
          <con:selectedAuthProfile>No Authorization</con:selectedAuthProfile>
          <con:authType>No Authorization</con:authType>
        </con:credentials>
        <con:jmsConfig JMSDeliveryMode="PERSISTENT"/>
        <con:parameters>
          <entry key="wp-client-platform" value="ANDROID" xmlns="http://eviware.com/soapui/config"/>
        </con:parameters>
        <con:parameterOrder>
          <con:entry>Authorization</con:entry>
          <con:entry>Content-Type</con:entry>
          <con:entry>wp-client-platform</con:entry>
          <con:entry>wp-client-brand</con:entry>
        </con:parameterOrder>
        <con:environmentSpec>
          <con:entry environmentId="1653fcad-25f1-42dc-b777-d850bb70a926">
            <con:authProfile>Inherit From Parent</con:authProfile>
          </con:entry>
          <con:entry environmentId="355af1cd-ed93-49d8-b6be-b3da6c1def92">
            <con:authProfile>Inherit From Parent</con:authProfile>
          </con:entry>
          <con:entry environmentId="f6279578-3a49-4834-9a7b-8e92ae71f8e9">
            <con:authProfile>Inherit From Parent</con:authProfile>
          </con:entry>
          <con:entry environmentId="b74c2924-5d4b-41b7-a14b-5522870d29dc">
            <con:authProfile>Inherit From Parent</con:authProfile>
          </con:entry>
        </con:environmentSpec>
      </con:restRequest>
    </con:config>
  </con:testStep>
  <con:properties/>
  <con:reportParameters/>
</con:testCase>
